<?xml version="1.0" encoding="UTF-8"?>
<testsuite name="Utilizar un servicio POST para crear usuario" tests="1" skipped="0" failures="0" errors="0" timestamp="2021-07-12T23:43:50" hostname="SQAT1MDEWIN63" time="8.204">
  <properties/>
  <testcase name="enviar información para crear usuario" classname="Utilizar un servicio POST para crear usuario" time="8.204"/>
  <system-out><![CDATA[]]></system-out>
  <system-err><![CDATA[[Test worker] INFO net.thucydides.core.steps.ConsoleLoggingListener - 
        __    _____ _____ ____ _____   ____   _    ____  ____  _____ ____  
  _     \ \  |_   _| ____/ ___|_   _| |  _ \ / \  / ___|/ ___|| ____|  _ \ 
 (_)_____| |   | | |  _| \___ \ | |   | |_) / _ \ \___ \\___ \|  _| | | | |
  _|_____| |   | | | |___ ___) || |   |  __/ ___ \ ___) |___) | |___| |_| |
 (_)     | |   |_| |_____|____/ |_|   |_| /_/   \_\____/|____/|_____|____/ 
        /_/                                                                

TEST PASSED: enviar información para crear usuario
----------------------------------------------------------------------------
]]></system-err>
</testsuite>
