<?xml version="1.0" encoding="UTF-8"?>
<testsuite name="Usar un servicio POST de perdida de mascota" tests="1" skipped="1" failures="0" errors="0" timestamp="2021-07-12T23:23:55" hostname="SQAT1MDEWIN63" time="0.045">
  <properties/>
  <testcase name="Registrar la perdida de una mascota" classname="Usar un servicio POST de perdida de mascota" time="0.045">
    <skipped/>
  </testcase>
  <system-out><![CDATA[]]></system-out>
  <system-err><![CDATA[[Test worker] INFO net.thucydides.core.steps.ConsoleLoggingListener - TEST PENDING
[Test worker] INFO net.thucydides.core.steps.ConsoleLoggingListener - 
          __  _____ _____ ____ _____   ____  _____ _   _ ____ ___ _   _  ____ 
 _       / / |_   _| ____/ ___|_   _| |  _ \| ____| \ | |  _ \_ _| \ | |/ ___|
(_)____ / /    | | |  _| \___ \ | |   | |_) |  _| |  \| | | | | ||  \| | |  _ 
 |_____/ /     | | | |___ ___) || |   |  __/| |___| |\  | |_| | || |\  | |_| |
(_)   /_/      |_| |_____|____/ |_|   |_|   |_____|_| \_|____/___|_| \_|\____|
                                                                                

TEST PENDING: Registrar la perdida de una mascota
---------------------------------------------------------------------------------
]]></system-err>
</testsuite>
